<?xml version="1.0" encoding="UTF-8"?>
<testng-results skipped="0" failed="0" total="1" passed="1">
  <reporter-output>
  </reporter-output>
  <suite name="Default suite" duration-ms="3211" started-at="2017-01-24T11:28:53Z" finished-at="2017-01-24T11:28:57Z">
    <groups>
    </groups>
    <test name="Default test" duration-ms="3211" started-at="2017-01-24T11:28:53Z" finished-at="2017-01-24T11:28:57Z">
      <class name="utils.AppLauncher">
        <test-method status="PASS" signature="setUp()[pri:0, instance:utils.AppLauncher@5025a98f]" name="setUp" is-config="true" duration-ms="32329" started-at="2017-01-24T16:58:21Z" finished-at="2017-01-24T16:58:53Z">
          <reporter-output>
          </reporter-output>
        </test-method> <!-- setUp -->
        <test-method status="PASS" signature="clickOnFlight()[pri:0, instance:utils.AppLauncher@5025a98f]" name="clickOnFlight" duration-ms="3141" started-at="2017-01-24T16:58:53Z" finished-at="2017-01-24T16:58:57Z">
          <reporter-output>
          </reporter-output>
        </test-method> <!-- clickOnFlight -->
      </class> <!-- utils.AppLauncher -->
    </test> <!-- Default test -->
  </suite> <!-- Default suite -->
</testng-results>
